Using pre-set license
Built from '2022.1/staging' branch; Version is '2022.1.19f1 (2fd7b40534d1) revision 3135412'; Using compiler version '192829333'; Build Type 'Release'
OS: 'Windows 11  (10.0.22000) 64bit Core' Language: 'en' Physical Memory: 16068 MB
BatchMode: 1, IsHumanControllingUs: 0, StartBugReporterOnCrash: 0, Is64bit: 1, IsPro: 1

COMMAND LINE ARGUMENTS:
C:\Program Files\Unity\Hub\Editor\2022.1.19f1\Editor\Unity.exe
-adb2
-batchMode
-noUpm
-name
AssetImportWorker0
-projectPath
C:/Users/taylo/Prototypes/Prototype7/Weather
-logFile
Logs/AssetImportWorker0.log
-srvPort
57564
Successfully changed project path to: C:/Users/taylo/Prototypes/Prototype7/Weather
C:/Users/taylo/Prototypes/Prototype7/Weather
[UnityMemory] Configuration Parameters - Can be set up in boot.config
    "memorysetup-bucket-allocator-granularity=16"
    "memorysetup-bucket-allocator-bucket-count=8"
    "memorysetup-bucket-allocator-block-size=33554432"
    "memorysetup-bucket-allocator-block-count=8"
    "memorysetup-main-allocator-block-size=16777216"
    "memorysetup-thread-allocator-block-size=16777216"
    "memorysetup-gfx-main-allocator-block-size=16777216"
    "memorysetup-gfx-thread-allocator-block-size=16777216"
    "memorysetup-cache-allocator-block-size=4194304"
    "memorysetup-typetree-allocator-block-size=2097152"
    "memorysetup-profiler-bucket-allocator-granularity=16"
    "memorysetup-profiler-bucket-allocator-bucket-count=8"
    "memorysetup-profiler-bucket-allocator-block-size=33554432"
    "memorysetup-profiler-bucket-allocator-block-count=8"
    "memorysetup-profiler-allocator-block-size=16777216"
    "memorysetup-profiler-editor-allocator-block-size=1048576"
    "memorysetup-temp-allocator-size-main=16777216"
    "memorysetup-job-temp-allocator-block-size=2097152"
    "memorysetup-job-temp-allocator-block-size-background=1048576"
    "memorysetup-job-temp-allocator-reduction-small-platforms=262144"
    "memorysetup-temp-allocator-size-background-worker=32768"
    "memorysetup-temp-allocator-size-job-worker=262144"
    "memorysetup-temp-allocator-size-preload-manager=33554432"
    "memorysetup-temp-allocator-size-nav-mesh-worker=65536"
    "memorysetup-temp-allocator-size-audio-worker=65536"
    "memorysetup-temp-allocator-size-cloud-worker=32768"
    "memorysetup-temp-allocator-size-gi-baking-worker=262144"
    "memorysetup-temp-allocator-size-gfx=262144"
Refreshing native plugins compatible for Editor in 99.99 ms, found 3 plugins.
Preloading 0 native plugins for Editor in 0.00 ms.
Initialize engine version: 2022.1.19f1 (2fd7b40534d1)
[Subsystems] Discovering subsystems at path C:/Program Files/Unity/Hub/Editor/2022.1.19f1/Editor/Data/Resources/UnitySubsystems
[Subsystems] Discovering subsystems at path C:/Users/taylo/Prototypes/Prototype7/Weather/Assets
GfxDevice: creating device client; threaded=0; jobified=0
Direct3D:
    Version:  Direct3D 11.0 [level 11.1]
    Renderer: NVIDIA GeForce RTX 3070 Ti Laptop GPU (ID=0x24e0)
    Vendor:   NVIDIA
    VRAM:     8043 MB
    Driver:   30.0.15.1338
Initialize mono
Mono path[0] = 'C:/Program Files/Unity/Hub/Editor/2022.1.19f1/Editor/Data/Managed'
Mono path[1] = 'C:/Program Files/Unity/Hub/Editor/2022.1.19f1/Editor/Data/MonoBleedingEdge/lib/mono/unityjit-win32'
Mono config path = 'C:/Program Files/Unity/Hub/Editor/2022.1.19f1/Editor/Data/MonoBleedingEdge/etc'
Using monoOptions --debugger-agent=transport=dt_socket,embedding=1,server=y,suspend=n,address=127.0.0.1:56048
Begin MonoManager ReloadAssembly
Registering precompiled unity dll's ...
Register platform support module: C:/Program Files/Unity/Hub/Editor/2022.1.19f1/Editor/Data/PlaybackEngines/WindowsStandaloneSupport/UnityEditor.WindowsStandalone.Extensions.dll
Registered in 0.004648 seconds.
Native extension for WindowsStandalone target not found
Refreshing native plugins compatible for Editor in 116.08 ms, found 3 plugins.
Preloading 0 native plugins for Editor in 0.00 ms.
Mono: successfully reloaded assembly
- Completed reload, in  0.824 seconds
Domain Reload Profiling:
	ReloadAssembly (825ms)
		BeginReloadAssembly (88ms)
			ExecutionOrderSort (0ms)
			DisableScriptedObjects (0ms)
			BackupInstance (0ms)
			ReleaseScriptingObjects (0ms)
			CreateAndSetChildDomain (1ms)
		EndReloadAssembly (609ms)
			LoadAssemblies (85ms)
			RebuildTransferFunctionScriptingTraits (0ms)
			SetupTypeCache (133ms)
				TypeCache.Initialize (133ms)
					TypeCache.ScanAssembly (131ms)
				ResolveRequiredComponents (1ms)
			ReleaseScriptCaches (0ms)
			RebuildScriptCaches (36ms)
			SetupLoadedEditorAssemblies (371ms)
				LogAssemblyErrors (0ms)
				InitializePlatformSupportModulesInManaged (9ms)
				SetLoadedEditorAssemblies (9ms)
				RefreshPlugins (116ms)
				BeforeProcessingInitializeOnLoad (2ms)
				ProcessInitializeOnLoadAttributes (172ms)
				ProcessInitializeOnLoadMethodAttributes (62ms)
				AfterProcessingInitializeOnLoad (0ms)
				EditorAssembliesLoaded (0ms)
			ExecutionOrderSort2 (0ms)
			AwakeInstancesAfterBackupRestoration (0ms)
Platform modules already initialized, skipping
Registering precompiled user dll's ...
Registered in 0.005595 seconds.
Begin MonoManager ReloadAssembly
Symbol file LoadedFromMemory doesn't match image C:\Users\taylo\Prototypes\Prototype7\Weather\Library\PackageCache\com.unity.visualscripting@1.7.8\Editor\VisualScripting.Core\Dependencies\YamlDotNet\Unity.VisualScripting.YamlDotNet.dll
Symbol file LoadedFromMemory doesn't match image C:\Users\taylo\Prototypes\Prototype7\Weather\Library\PackageCache\com.unity.visualscripting@1.7.8\Editor\VisualScripting.Core\Dependencies\DotNetZip\Unity.VisualScripting.IonicZip.dll
Native extension for WindowsStandalone target not found
Refreshing native plugins compatible for Editor in 0.92 ms, found 3 plugins.
Preloading 0 native plugins for Editor in 0.00 ms.
Mono: successfully reloaded assembly
- Completed reload, in  1.376 seconds
Domain Reload Profiling:
	ReloadAssembly (1378ms)
		BeginReloadAssembly (144ms)
			ExecutionOrderSort (0ms)
			DisableScriptedObjects (12ms)
			BackupInstance (0ms)
			ReleaseScriptingObjects (0ms)
			CreateAndSetChildDomain (25ms)
		EndReloadAssembly (1091ms)
			LoadAssemblies (89ms)
			RebuildTransferFunctionScriptingTraits (0ms)
			SetupTypeCache (338ms)
				TypeCache.Initialize (328ms)
					TypeCache.ScanAssembly (324ms)
				ResolveRequiredComponents (10ms)
			ReleaseScriptCaches (1ms)
			RebuildScriptCaches (71ms)
			SetupLoadedEditorAssemblies (507ms)
				LogAssemblyErrors (0ms)
				InitializePlatformSupportModulesInManaged (6ms)
				SetLoadedEditorAssemblies (8ms)
				RefreshPlugins (1ms)
				BeforeProcessingInitializeOnLoad (112ms)
				ProcessInitializeOnLoadAttributes (333ms)
				ProcessInitializeOnLoadMethodAttributes (37ms)
				AfterProcessingInitializeOnLoad (9ms)
				EditorAssembliesLoaded (0ms)
			ExecutionOrderSort2 (0ms)
			AwakeInstancesAfterBackupRestoration (8ms)
Platform modules already initialized, skipping
========================================================================
Worker process is ready to serve import requests
Launched and connected shader compiler UnityShaderCompiler.exe after 0.05 seconds
Refreshing native plugins compatible for Editor in 0.58 ms, found 3 plugins.
Preloading 0 native plugins for Editor in 0.00 ms.
Unloading 3416 Unused Serialized files (Serialized files now loaded: 0)
Unloading 26 unused Assets / (58.3 KB). Loaded Objects now: 3876.
Memory consumption went from 0.51 GB to 0.51 GB.
Total: 3.466800 ms (FindLiveObjects: 0.256300 ms CreateObjectMapping: 0.122000 ms MarkObjects: 2.982200 ms  DeleteObjects: 0.104500 ms)

AssetImportParameters requested are different than current active one (requested -> active):
  custom:video-decoder-ogg-theora: a1e56fd34408186e4bbccfd4996cb3dc -> 
  custom:container-muxer-webm: aa71ff27fc2769a1b78a27578f13a17b -> 
  custom:container-demuxer-webm: 4f35f7cbe854078d1ac9338744f61a02 -> 
  custom:video-encoder-webm-vp8: eb34c28f22e8b96e1ab97ce403110664 -> 
  custom:video-codec-MediaFoundation-h265: 746d11721c4dcdbdad8f713fa42b33f4 -> 
  custom:audio-encoder-webm-vorbis: bf7c407c2cedff20999df2af8eb42d56 -> 
  custom:framework-win-MediaFoundation: 216162199b28c13a410421893ffa2e32 -> 
  custom:container-demuxer-ogg: 62fdf1f143b41e24485cea50d1cbac27 -> 
  custom:video-decoder-webm-vp8: 9c59270c3fd7afecdb556c50c9e8de78 -> 
  custom:audio-decoder-ogg-vorbis: bf7c407c2cedff20999df2af8eb42d56 -> 
========================================================================
Received Import Request.
  Time since last request: 408641.216886 seconds.
  path: Assets/Scripts/Win.cs
  artifactKey: Guid(53a547b0c52b97f46b3b199fd6869874) Importer(815301076,1909f56bfc062723c751e8b465ee728b)
Start importing Assets/Scripts/Win.cs using Guid(53a547b0c52b97f46b3b199fd6869874) Importer(815301076,1909f56bfc062723c751e8b465ee728b)  -> (artifact id: 'aebccdf07d243fcff175c165c92914bf') in 0.042057 seconds 
========================================================================
Received Import Request.
  Time since last request: 1.649483 seconds.
  path: Assets/Scripts/Open.cs
  artifactKey: Guid(f5091e2139fdbe04c9d70c122f80fdfd) Importer(815301076,1909f56bfc062723c751e8b465ee728b)
Start importing Assets/Scripts/Open.cs using Guid(f5091e2139fdbe04c9d70c122f80fdfd) Importer(815301076,1909f56bfc062723c751e8b465ee728b)  -> (artifact id: '05efb598033787c0b79998c105b8e488') in 0.009550 seconds 
========================================================================
Received Import Request.
  Time since last request: 601.081573 seconds.
  path: Assets/Scripts/Game.cs
  artifactKey: Guid(fc9974547c567514fa0934ba3798f1ed) Importer(815301076,1909f56bfc062723c751e8b465ee728b)
Start importing Assets/Scripts/Game.cs using Guid(fc9974547c567514fa0934ba3798f1ed) Importer(815301076,1909f56bfc062723c751e8b465ee728b)  -> (artifact id: '180d90296edbed746740e5139c913946') in 0.012625 seconds 
========================================================================
Received Import Request.
  Time since last request: 35.040848 seconds.
  path: Assets/Scenes/Win.unity
  artifactKey: Guid(7df21934adf6d1c45a23d946dba9ced6) Importer(815301076,1909f56bfc062723c751e8b465ee728b)
Start importing Assets/Scenes/Win.unity using Guid(7df21934adf6d1c45a23d946dba9ced6) Importer(815301076,1909f56bfc062723c751e8b465ee728b)  -> (artifact id: '1c014572c7d3a1557324a11d37bf4546') in 0.012130 seconds 
========================================================================
Received Import Request.
  Time since last request: 6.371826 seconds.
  path: Assets/Scenes/Open.unity
  artifactKey: Guid(17a4b2cf082da9542ade897c34748755) Importer(815301076,1909f56bfc062723c751e8b465ee728b)
Start importing Assets/Scenes/Open.unity using Guid(17a4b2cf082da9542ade897c34748755) Importer(815301076,1909f56bfc062723c751e8b465ee728b)  -> (artifact id: 'c57de541fe66846fd2952805929ceedc') in 0.009140 seconds 
========================================================================
Received Import Request.
  Time since last request: 3.425273 seconds.
  path: Assets/Scenes/Win.unity
  artifactKey: Guid(7df21934adf6d1c45a23d946dba9ced6) Importer(815301076,1909f56bfc062723c751e8b465ee728b)
Start importing Assets/Scenes/Win.unity using Guid(7df21934adf6d1c45a23d946dba9ced6) Importer(815301076,1909f56bfc062723c751e8b465ee728b)  -> (artifact id: '001f2723313ba779d0ef53f0d7ca0801') in 0.003323 seconds 
========================================================================
Received Import Request.
  Time since last request: 171.359732 seconds.
  path: Assets/Scenes/Lose.unity
  artifactKey: Guid(506342de8cddca54dae8dc63ec12db2f) Importer(815301076,1909f56bfc062723c751e8b465ee728b)
Start importing Assets/Scenes/Lose.unity using Guid(506342de8cddca54dae8dc63ec12db2f) Importer(815301076,1909f56bfc062723c751e8b465ee728b)  -> (artifact id: '63d1d20bc7bec95f43a5a80342d9bcb1') in 0.010544 seconds 
========================================================================
Received Import Request.
  Time since last request: 0.936183 seconds.
  path: Assets/Scenes/Game.unity
  artifactKey: Guid(9fc0d4010bbf28b4594072e72b8655ab) Importer(815301076,1909f56bfc062723c751e8b465ee728b)
Start importing Assets/Scenes/Game.unity using Guid(9fc0d4010bbf28b4594072e72b8655ab) Importer(815301076,1909f56bfc062723c751e8b465ee728b)  -> (artifact id: 'add1775cef6ef1b0a86f16fd54ed2215') in 0.011363 seconds 
========================================================================
Received Import Request.
  Time since last request: 4.745774 seconds.
  path: Assets/Scenes/Win.unity
  artifactKey: Guid(7df21934adf6d1c45a23d946dba9ced6) Importer(815301076,1909f56bfc062723c751e8b465ee728b)
Start importing Assets/Scenes/Win.unity using Guid(7df21934adf6d1c45a23d946dba9ced6) Importer(815301076,1909f56bfc062723c751e8b465ee728b)  -> (artifact id: '7b336f67b96fafd6180084cadceeaeb8') in 0.002772 seconds 
========================================================================
Received Import Request.
  Time since last request: 170.980011 seconds.
  path: Assets/Scenes/Win.unity
  artifactKey: Guid(7df21934adf6d1c45a23d946dba9ced6) Importer(815301076,1909f56bfc062723c751e8b465ee728b)
Start importing Assets/Scenes/Win.unity using Guid(7df21934adf6d1c45a23d946dba9ced6) Importer(815301076,1909f56bfc062723c751e8b465ee728b)  -> (artifact id: '95f4390de7aa3c75a0f68f21f787c3ee') in 0.002383 seconds 
========================================================================
Received Import Request.
  Time since last request: 2.086103 seconds.
  path: Assets/Scenes/Lose.unity
  artifactKey: Guid(506342de8cddca54dae8dc63ec12db2f) Importer(815301076,1909f56bfc062723c751e8b465ee728b)
Start importing Assets/Scenes/Lose.unity using Guid(506342de8cddca54dae8dc63ec12db2f) Importer(815301076,1909f56bfc062723c751e8b465ee728b)  -> (artifact id: 'd40b6dd80eca65fe1208429d29e7d1a3') in 0.003290 seconds 
