Using pre-set license
Built from '2022.1/staging' branch; Version is '2022.1.19f1 (2fd7b40534d1) revision 3135412'; Using compiler version '192829333'; Build Type 'Release'
OS: 'Windows 11  (10.0.22000) 64bit Core' Language: 'en' Physical Memory: 16068 MB
BatchMode: 1, IsHumanControllingUs: 0, StartBugReporterOnCrash: 0, Is64bit: 1, IsPro: 1

COMMAND LINE ARGUMENTS:
C:\Program Files\Unity\Hub\Editor\2022.1.19f1\Editor\Unity.exe
-adb2
-batchMode
-noUpm
-name
AssetImportWorker0
-projectPath
C:/Users/taylo/Prototypes/Prototype7/Weather
-logFile
Logs/AssetImportWorker0.log
-srvPort
61183
Successfully changed project path to: C:/Users/taylo/Prototypes/Prototype7/Weather
C:/Users/taylo/Prototypes/Prototype7/Weather
[UnityMemory] Configuration Parameters - Can be set up in boot.config
    "memorysetup-bucket-allocator-granularity=16"
    "memorysetup-bucket-allocator-bucket-count=8"
    "memorysetup-bucket-allocator-block-size=33554432"
    "memorysetup-bucket-allocator-block-count=8"
    "memorysetup-main-allocator-block-size=16777216"
    "memorysetup-thread-allocator-block-size=16777216"
    "memorysetup-gfx-main-allocator-block-size=16777216"
    "memorysetup-gfx-thread-allocator-block-size=16777216"
    "memorysetup-cache-allocator-block-size=4194304"
    "memorysetup-typetree-allocator-block-size=2097152"
    "memorysetup-profiler-bucket-allocator-granularity=16"
    "memorysetup-profiler-bucket-allocator-bucket-count=8"
    "memorysetup-profiler-bucket-allocator-block-size=33554432"
    "memorysetup-profiler-bucket-allocator-block-count=8"
    "memorysetup-profiler-allocator-block-size=16777216"
    "memorysetup-profiler-editor-allocator-block-size=1048576"
    "memorysetup-temp-allocator-size-main=16777216"
    "memorysetup-job-temp-allocator-block-size=2097152"
    "memorysetup-job-temp-allocator-block-size-background=1048576"
    "memorysetup-job-temp-allocator-reduction-small-platforms=262144"
    "memorysetup-temp-allocator-size-background-worker=32768"
    "memorysetup-temp-allocator-size-job-worker=262144"
    "memorysetup-temp-allocator-size-preload-manager=33554432"
    "memorysetup-temp-allocator-size-nav-mesh-worker=65536"
    "memorysetup-temp-allocator-size-audio-worker=65536"
    "memorysetup-temp-allocator-size-cloud-worker=32768"
    "memorysetup-temp-allocator-size-gi-baking-worker=262144"
    "memorysetup-temp-allocator-size-gfx=262144"
Refreshing native plugins compatible for Editor in 103.42 ms, found 3 plugins.
Preloading 0 native plugins for Editor in 0.00 ms.
Initialize engine version: 2022.1.19f1 (2fd7b40534d1)
[Subsystems] Discovering subsystems at path C:/Program Files/Unity/Hub/Editor/2022.1.19f1/Editor/Data/Resources/UnitySubsystems
[Subsystems] Discovering subsystems at path C:/Users/taylo/Prototypes/Prototype7/Weather/Assets
GfxDevice: creating device client; threaded=0; jobified=0
Direct3D:
    Version:  Direct3D 11.0 [level 11.1]
    Renderer: NVIDIA GeForce RTX 3070 Ti Laptop GPU (ID=0x24e0)
    Vendor:   NVIDIA
    VRAM:     8043 MB
    Driver:   30.0.15.1338
Initialize mono
Mono path[0] = 'C:/Program Files/Unity/Hub/Editor/2022.1.19f1/Editor/Data/Managed'
Mono path[1] = 'C:/Program Files/Unity/Hub/Editor/2022.1.19f1/Editor/Data/MonoBleedingEdge/lib/mono/unityjit-win32'
Mono config path = 'C:/Program Files/Unity/Hub/Editor/2022.1.19f1/Editor/Data/MonoBleedingEdge/etc'
Using monoOptions --debugger-agent=transport=dt_socket,embedding=1,server=y,suspend=n,address=127.0.0.1:56528
Begin MonoManager ReloadAssembly
Registering precompiled unity dll's ...
Register platform support module: C:/Program Files/Unity/Hub/Editor/2022.1.19f1/Editor/Data/PlaybackEngines/WindowsStandaloneSupport/UnityEditor.WindowsStandalone.Extensions.dll
Registered in 0.004628 seconds.
Native extension for WindowsStandalone target not found
Refreshing native plugins compatible for Editor in 100.67 ms, found 3 plugins.
Preloading 0 native plugins for Editor in 0.00 ms.
Mono: successfully reloaded assembly
- Completed reload, in  0.783 seconds
Domain Reload Profiling:
	ReloadAssembly (784ms)
		BeginReloadAssembly (91ms)
			ExecutionOrderSort (0ms)
			DisableScriptedObjects (0ms)
			BackupInstance (0ms)
			ReleaseScriptingObjects (0ms)
			CreateAndSetChildDomain (1ms)
		EndReloadAssembly (564ms)
			LoadAssemblies (89ms)
			RebuildTransferFunctionScriptingTraits (0ms)
			SetupTypeCache (130ms)
				TypeCache.Initialize (129ms)
					TypeCache.ScanAssembly (128ms)
				ResolveRequiredComponents (1ms)
			ReleaseScriptCaches (0ms)
			RebuildScriptCaches (33ms)
			SetupLoadedEditorAssemblies (335ms)
				LogAssemblyErrors (0ms)
				InitializePlatformSupportModulesInManaged (9ms)
				SetLoadedEditorAssemblies (9ms)
				RefreshPlugins (101ms)
				BeforeProcessingInitializeOnLoad (2ms)
				ProcessInitializeOnLoadAttributes (161ms)
				ProcessInitializeOnLoadMethodAttributes (53ms)
				AfterProcessingInitializeOnLoad (0ms)
				EditorAssembliesLoaded (0ms)
			ExecutionOrderSort2 (0ms)
			AwakeInstancesAfterBackupRestoration (0ms)
Platform modules already initialized, skipping
Registering precompiled user dll's ...
Registered in 0.006674 seconds.
Begin MonoManager ReloadAssembly
Symbol file LoadedFromMemory doesn't match image C:\Users\taylo\Prototypes\Prototype7\Weather\Library\PackageCache\com.unity.visualscripting@1.7.8\Editor\VisualScripting.Core\Dependencies\YamlDotNet\Unity.VisualScripting.YamlDotNet.dll
Symbol file LoadedFromMemory doesn't match image C:\Users\taylo\Prototypes\Prototype7\Weather\Library\PackageCache\com.unity.visualscripting@1.7.8\Editor\VisualScripting.Core\Dependencies\DotNetZip\Unity.VisualScripting.IonicZip.dll
Native extension for WindowsStandalone target not found
Refreshing native plugins compatible for Editor in 99.97 ms, found 3 plugins.
Preloading 0 native plugins for Editor in 0.00 ms.
Mono: successfully reloaded assembly
- Completed reload, in  1.490 seconds
Domain Reload Profiling:
	ReloadAssembly (1491ms)
		BeginReloadAssembly (136ms)
			ExecutionOrderSort (0ms)
			DisableScriptedObjects (6ms)
			BackupInstance (0ms)
			ReleaseScriptingObjects (0ms)
			CreateAndSetChildDomain (23ms)
		EndReloadAssembly (1211ms)
			LoadAssemblies (103ms)
			RebuildTransferFunctionScriptingTraits (0ms)
			SetupTypeCache (333ms)
				TypeCache.Initialize (327ms)
					TypeCache.ScanAssembly (322ms)
				ResolveRequiredComponents (6ms)
			ReleaseScriptCaches (1ms)
			RebuildScriptCaches (67ms)
			SetupLoadedEditorAssemblies (643ms)
				LogAssemblyErrors (0ms)
				InitializePlatformSupportModulesInManaged (6ms)
				SetLoadedEditorAssemblies (8ms)
				RefreshPlugins (100ms)
				BeforeProcessingInitializeOnLoad (101ms)
				ProcessInitializeOnLoadAttributes (382ms)
				ProcessInitializeOnLoadMethodAttributes (38ms)
				AfterProcessingInitializeOnLoad (8ms)
				EditorAssembliesLoaded (0ms)
			ExecutionOrderSort2 (0ms)
			AwakeInstancesAfterBackupRestoration (7ms)
Platform modules already initialized, skipping
========================================================================
Worker process is ready to serve import requests
Launched and connected shader compiler UnityShaderCompiler.exe after 0.04 seconds
Refreshing native plugins compatible for Editor in 0.64 ms, found 3 plugins.
Preloading 0 native plugins for Editor in 0.00 ms.
Unloading 3930 Unused Serialized files (Serialized files now loaded: 0)
Unloading 43 unused Assets / (131.2 KB). Loaded Objects now: 4389.
Memory consumption went from 0.59 GB to 0.59 GB.
Total: 4.077000 ms (FindLiveObjects: 0.299800 ms CreateObjectMapping: 0.185800 ms MarkObjects: 3.468400 ms  DeleteObjects: 0.121200 ms)

AssetImportParameters requested are different than current active one (requested -> active):
  custom:video-decoder-ogg-theora: a1e56fd34408186e4bbccfd4996cb3dc -> 
  custom:container-muxer-webm: aa71ff27fc2769a1b78a27578f13a17b -> 
  custom:container-demuxer-webm: 4f35f7cbe854078d1ac9338744f61a02 -> 
  custom:video-encoder-webm-vp8: eb34c28f22e8b96e1ab97ce403110664 -> 
  custom:video-codec-MediaFoundation-h265: 746d11721c4dcdbdad8f713fa42b33f4 -> 
  custom:audio-encoder-webm-vorbis: bf7c407c2cedff20999df2af8eb42d56 -> 
  custom:framework-win-MediaFoundation: 216162199b28c13a410421893ffa2e32 -> 
  custom:container-demuxer-ogg: 62fdf1f143b41e24485cea50d1cbac27 -> 
  custom:video-decoder-webm-vp8: 9c59270c3fd7afecdb556c50c9e8de78 -> 
  custom:audio-decoder-ogg-vorbis: bf7c407c2cedff20999df2af8eb42d56 -> 
========================================================================
Received Import Request.
  Time since last request: 205364.506104 seconds.
  path: Assets
  artifactKey: Guid(00000000000000001000000000000000) Importer(815301076,1909f56bfc062723c751e8b465ee728b)
Start importing Assets using Guid(00000000000000001000000000000000) Importer(815301076,1909f56bfc062723c751e8b465ee728b)  -> (artifact id: '6e8165099f8bfd50797b2ebe9f8b211b') in 0.011801 seconds 
========================================================================
Received Import Request.
  Time since last request: 2.724302 seconds.
  path: Assets/Materials
  artifactKey: Guid(cd29b54d1d9d02c44b7929e8df7f1844) Importer(815301076,1909f56bfc062723c751e8b465ee728b)
Start importing Assets/Materials using Guid(cd29b54d1d9d02c44b7929e8df7f1844) Importer(815301076,1909f56bfc062723c751e8b465ee728b)  -> (artifact id: '28cd05676c4723d1eb62aeed46e0dc90') in 0.009875 seconds 
========================================================================
Received Import Request.
  Time since last request: 14.314766 seconds.
  path: Assets/Materials/Materials
  artifactKey: Guid(03243a6fe2bafad40b2bb7b9a6e975f8) Importer(815301076,1909f56bfc062723c751e8b465ee728b)
Start importing Assets/Materials/Materials using Guid(03243a6fe2bafad40b2bb7b9a6e975f8) Importer(815301076,1909f56bfc062723c751e8b465ee728b)  -> (artifact id: '86a284b1d8180147dabcea743bc4ddd5') in 0.002663 seconds 
========================================================================
Received Import Request.
  Time since last request: 9.252648 seconds.
  path: Assets/Materials/Cherries.jpg
  artifactKey: Guid(8b4f2d903885b5b43afbff6871807da3) Importer(815301076,1909f56bfc062723c751e8b465ee728b)
Start importing Assets/Materials/Cherries.jpg using Guid(8b4f2d903885b5b43afbff6871807da3) Importer(815301076,1909f56bfc062723c751e8b465ee728b)  -> (artifact id: 'a2a3b547033a4ab0c0725a7e360edc37') in 0.094241 seconds 
========================================================================
Received Import Request.
  Time since last request: 2.642769 seconds.
  path: Assets/Materials/Sprinkles.jpg
  artifactKey: Guid(31840aa7d73fdfd4e8c43fde6b0f2753) Importer(815301076,1909f56bfc062723c751e8b465ee728b)
Start importing Assets/Materials/Sprinkles.jpg using Guid(31840aa7d73fdfd4e8c43fde6b0f2753) Importer(815301076,1909f56bfc062723c751e8b465ee728b)  -> (artifact id: 'bf59c1316ab17e0a2420c58b3723d874') in 0.026912 seconds 
========================================================================
Received Import Request.
  Time since last request: 4.359577 seconds.
  path: Assets/Materials/Strawberries.jpg
  artifactKey: Guid(1cf0b72fd63d9bb4d8d5f395d0f4812b) Importer(815301076,1909f56bfc062723c751e8b465ee728b)
Start importing Assets/Materials/Strawberries.jpg using Guid(1cf0b72fd63d9bb4d8d5f395d0f4812b) Importer(815301076,1909f56bfc062723c751e8b465ee728b)  -> (artifact id: 'c2ab09a5b05a9a150e8e1ca52d35c1d6') in 0.017909 seconds 
========================================================================
Received Import Request.
  Time since last request: 75.597258 seconds.
  path: Assets/Materials/icecream.webp
  artifactKey: Guid(23b5898b09c7ead40ac2be31d67299ab) Importer(815301076,1909f56bfc062723c751e8b465ee728b)
Start importing Assets/Materials/icecream.webp using Guid(23b5898b09c7ead40ac2be31d67299ab) Importer(815301076,1909f56bfc062723c751e8b465ee728b)  -> (artifact id: '38de3f9c47403f42a0c9e0a3b478288d') in 0.014611 seconds 
========================================================================
Received Import Request.
  Time since last request: 36.891327 seconds.
  path: Assets/Materials/Icecream.png
  artifactKey: Guid(0daae9cdcd249c4428452324484929db) Importer(815301076,1909f56bfc062723c751e8b465ee728b)
Start importing Assets/Materials/Icecream.png using Guid(0daae9cdcd249c4428452324484929db) Importer(815301076,1909f56bfc062723c751e8b465ee728b)  -> (artifact id: 'bdf2ed5d7c7758a6e541d35c6a3fdbdf') in 0.021764 seconds 
========================================================================
Received Import Request.
  Time since last request: 403.981685 seconds.
  path: Assets/Prefabs/Cherries.prefab
  artifactKey: Guid(138fa19084ceb0e45b685c205c71f596) Importer(815301076,1909f56bfc062723c751e8b465ee728b)
Start importing Assets/Prefabs/Cherries.prefab using Guid(138fa19084ceb0e45b685c205c71f596) Importer(815301076,1909f56bfc062723c751e8b465ee728b)  -> (artifact id: '8c80e708b7952defd65dcdbc5cd729df') in 0.098414 seconds 
========================================================================
Received Import Request.
  Time since last request: 3.121697 seconds.
  path: Assets/Prefabs/Sprinkles.prefab
  artifactKey: Guid(700c662825f2020438a1de2c4c7e3382) Importer(815301076,1909f56bfc062723c751e8b465ee728b)
Start importing Assets/Prefabs/Sprinkles.prefab using Guid(700c662825f2020438a1de2c4c7e3382) Importer(815301076,1909f56bfc062723c751e8b465ee728b)  -> (artifact id: 'a61170c04475645896455a942dc8627d') in 0.022607 seconds 
========================================================================
Received Import Request.
  Time since last request: 1.658588 seconds.
  path: Assets/Prefabs/Strawberries.prefab
  artifactKey: Guid(9a7a637696474e84fbd53f8bfb3eb77b) Importer(815301076,1909f56bfc062723c751e8b465ee728b)
Start importing Assets/Prefabs/Strawberries.prefab using Guid(9a7a637696474e84fbd53f8bfb3eb77b) Importer(815301076,1909f56bfc062723c751e8b465ee728b)  -> (artifact id: '0cbff9becfbac7f89776b9fba3c3c949') in 0.018843 seconds 
========================================================================
Received Import Request.
  Time since last request: 1.554732 seconds.
  path: Assets/Prefabs/Icecream.prefab
  artifactKey: Guid(d4c532b482e4eec4b9668d29b681d08d) Importer(815301076,1909f56bfc062723c751e8b465ee728b)
Start importing Assets/Prefabs/Icecream.prefab using Guid(d4c532b482e4eec4b9668d29b681d08d) Importer(815301076,1909f56bfc062723c751e8b465ee728b)  -> (artifact id: '7d84ce6d57fd9350fbac7bb6112e8174') in 0.017398 seconds 
